[100%] Built target pub
[100%] Built target sub
-- Install configuration: ""
-- Up-to-date: /home/limao/ros2_ws/install/rcl_cpp_tutorials/lib/rcl_cpp_tutorials/pub
-- Up-to-date: /home/limao/ros2_ws/install/rcl_cpp_tutorials/lib/rcl_cpp_tutorials/sub
-- Up-to-date: /home/limao/ros2_ws/install/rcl_cpp_tutorials/share/ament_index/resource_index/package_run_dependencies/rcl_cpp_tutorials
-- Up-to-date: /home/limao/ros2_ws/install/rcl_cpp_tutorials/share/ament_index/resource_index/parent_prefix_path/rcl_cpp_tutorials
-- Up-to-date: /home/limao/ros2_ws/install/rcl_cpp_tutorials/share/rcl_cpp_tutorials/environment/ament_prefix_path.sh
-- Up-to-date: /home/limao/ros2_ws/install/rcl_cpp_tutorials/share/rcl_cpp_tutorials/environment/ament_prefix_path.dsv
-- Up-to-date: /home/limao/ros2_ws/install/rcl_cpp_tutorials/share/rcl_cpp_tutorials/environment/path.sh
-- Up-to-date: /home/limao/ros2_ws/install/rcl_cpp_tutorials/share/rcl_cpp_tutorials/environment/path.dsv
-- Up-to-date: /home/limao/ros2_ws/install/rcl_cpp_tutorials/share/rcl_cpp_tutorials/local_setup.bash
-- Up-to-date: /home/limao/ros2_ws/install/rcl_cpp_tutorials/share/rcl_cpp_tutorials/local_setup.sh
-- Up-to-date: /home/limao/ros2_ws/install/rcl_cpp_tutorials/share/rcl_cpp_tutorials/local_setup.zsh
-- Up-to-date: /home/limao/ros2_ws/install/rcl_cpp_tutorials/share/rcl_cpp_tutorials/local_setup.dsv
-- Installing: /home/limao/ros2_ws/install/rcl_cpp_tutorials/share/rcl_cpp_tutorials/package.dsv
-- Up-to-date: /home/limao/ros2_ws/install/rcl_cpp_tutorials/share/ament_index/resource_index/packages/rcl_cpp_tutorials
-- Up-to-date: /home/limao/ros2_ws/install/rcl_cpp_tutorials/share/rcl_cpp_tutorials/cmake/rcl_cpp_tutorialsConfig.cmake
-- Up-to-date: /home/limao/ros2_ws/install/rcl_cpp_tutorials/share/rcl_cpp_tutorials/cmake/rcl_cpp_tutorialsConfig-version.cmake
-- Up-to-date: /home/limao/ros2_ws/install/rcl_cpp_tutorials/share/rcl_cpp_tutorials/package.xml
