[0.024s] Invoking command in '/home/limao/ros2_ws/build/rcl_cpp_tutorials': CMAKE_PREFIX_PATH=${CMAKE_PREFIX_PATH}:/home/limao/ros2_ws/install/rcl_py_tutorial:/home/limao/ros2_ws/install/rcl_py_srv:/opt/ros/foxy /usr/bin/cmake --build /home/limao/ros2_ws/build/rcl_cpp_tutorials -- -j8 -l8
[0.086s] [100%] Built target pub
[0.086s] [100%] Built target sub
[0.233s] Invoked command in '/home/limao/ros2_ws/build/rcl_cpp_tutorials' returned '0': CMAKE_PREFIX_PATH=${CMAKE_PREFIX_PATH}:/home/limao/ros2_ws/install/rcl_py_tutorial:/home/limao/ros2_ws/install/rcl_py_srv:/opt/ros/foxy /usr/bin/cmake --build /home/limao/ros2_ws/build/rcl_cpp_tutorials -- -j8 -l8
[0.265s] Invoking command in '/home/limao/ros2_ws/build/rcl_cpp_tutorials': CMAKE_PREFIX_PATH=${CMAKE_PREFIX_PATH}:/home/limao/ros2_ws/install/rcl_py_tutorial:/home/limao/ros2_ws/install/rcl_py_srv:/opt/ros/foxy /usr/bin/cmake --install /home/limao/ros2_ws/build/rcl_cpp_tutorials
[0.275s] -- Install configuration: ""
[0.275s] -- Up-to-date: /home/limao/ros2_ws/install/rcl_cpp_tutorials/lib/rcl_cpp_tutorials/pub
[0.276s] -- Up-to-date: /home/limao/ros2_ws/install/rcl_cpp_tutorials/lib/rcl_cpp_tutorials/sub
[0.276s] -- Up-to-date: /home/limao/ros2_ws/install/rcl_cpp_tutorials/share/ament_index/resource_index/package_run_dependencies/rcl_cpp_tutorials
[0.277s] -- Up-to-date: /home/limao/ros2_ws/install/rcl_cpp_tutorials/share/ament_index/resource_index/parent_prefix_path/rcl_cpp_tutorials
[0.277s] -- Up-to-date: /home/limao/ros2_ws/install/rcl_cpp_tutorials/share/rcl_cpp_tutorials/environment/ament_prefix_path.sh
[0.277s] -- Up-to-date: /home/limao/ros2_ws/install/rcl_cpp_tutorials/share/rcl_cpp_tutorials/environment/ament_prefix_path.dsv
[0.277s] -- Up-to-date: /home/limao/ros2_ws/install/rcl_cpp_tutorials/share/rcl_cpp_tutorials/environment/path.sh
[0.278s] -- Up-to-date: /home/limao/ros2_ws/install/rcl_cpp_tutorials/share/rcl_cpp_tutorials/environment/path.dsv
[0.278s] -- Up-to-date: /home/limao/ros2_ws/install/rcl_cpp_tutorials/share/rcl_cpp_tutorials/local_setup.bash
[0.278s] -- Up-to-date: /home/limao/ros2_ws/install/rcl_cpp_tutorials/share/rcl_cpp_tutorials/local_setup.sh
[0.278s] -- Up-to-date: /home/limao/ros2_ws/install/rcl_cpp_tutorials/share/rcl_cpp_tutorials/local_setup.zsh
[0.278s] -- Up-to-date: /home/limao/ros2_ws/install/rcl_cpp_tutorials/share/rcl_cpp_tutorials/local_setup.dsv
[0.279s] -- Installing: /home/limao/ros2_ws/install/rcl_cpp_tutorials/share/rcl_cpp_tutorials/package.dsv
[0.279s] -- Up-to-date: /home/limao/ros2_ws/install/rcl_cpp_tutorials/share/ament_index/resource_index/packages/rcl_cpp_tutorials
[0.279s] -- Up-to-date: /home/limao/ros2_ws/install/rcl_cpp_tutorials/share/rcl_cpp_tutorials/cmake/rcl_cpp_tutorialsConfig.cmake
[0.281s] -- Up-to-date: /home/limao/ros2_ws/install/rcl_cpp_tutorials/share/rcl_cpp_tutorials/cmake/rcl_cpp_tutorialsConfig-version.cmake
[0.281s] -- Up-to-date: /home/limao/ros2_ws/install/rcl_cpp_tutorials/share/rcl_cpp_tutorials/package.xml
[0.282s] Invoked command in '/home/limao/ros2_ws/build/rcl_cpp_tutorials' returned '0': CMAKE_PREFIX_PATH=${CMAKE_PREFIX_PATH}:/home/limao/ros2_ws/install/rcl_py_tutorial:/home/limao/ros2_ws/install/rcl_py_srv:/opt/ros/foxy /usr/bin/cmake --install /home/limao/ros2_ws/build/rcl_cpp_tutorials
