[0.232s] Invoking command in '/home/limao/ros2_ws/src/rcl_py_tutorial': PYTHONPATH=/home/limao/ros2_ws/install/rcl_py_tutorial/lib/python3.8/site-packages:${PYTHONPATH} /usr/bin/python3 setup.py egg_info --egg-base ../../build/rcl_py_tutorial build --build-base /home/limao/ros2_ws/build/rcl_py_tutorial/build install --prefix /home/limao/ros2_ws/install/rcl_py_tutorial --record /home/limao/ros2_ws/build/rcl_py_tutorial/install.log --single-version-externally-managed
[0.429s] running egg_info
[0.429s] writing ../../build/rcl_py_tutorial/rcl_py_tutorial.egg-info/PKG-INFO
[0.429s] writing dependency_links to ../../build/rcl_py_tutorial/rcl_py_tutorial.egg-info/dependency_links.txt
[0.430s] writing entry points to ../../build/rcl_py_tutorial/rcl_py_tutorial.egg-info/entry_points.txt
[0.430s] writing requirements to ../../build/rcl_py_tutorial/rcl_py_tutorial.egg-info/requires.txt
[0.430s] writing top-level names to ../../build/rcl_py_tutorial/rcl_py_tutorial.egg-info/top_level.txt
[0.458s] reading manifest file '../../build/rcl_py_tutorial/rcl_py_tutorial.egg-info/SOURCES.txt'
[0.459s] writing manifest file '../../build/rcl_py_tutorial/rcl_py_tutorial.egg-info/SOURCES.txt'
[0.459s] running build
[0.459s] running build_py
[0.459s] copying rcl_py_tutorial/pub.py -> /home/limao/ros2_ws/build/rcl_py_tutorial/build/lib/rcl_py_tutorial
[0.459s] running install
[0.460s] running install_lib
[0.461s] copying /home/limao/ros2_ws/build/rcl_py_tutorial/build/lib/rcl_py_tutorial/pub.py -> /home/limao/ros2_ws/install/rcl_py_tutorial/lib/python3.8/site-packages/rcl_py_tutorial
[0.462s] byte-compiling /home/limao/ros2_ws/install/rcl_py_tutorial/lib/python3.8/site-packages/rcl_py_tutorial/pub.py to pub.cpython-38.pyc
[0.463s] running install_data
[0.464s] running install_egg_info
[0.465s] removing '/home/limao/ros2_ws/install/rcl_py_tutorial/lib/python3.8/site-packages/rcl_py_tutorial-0.0.0-py3.8.egg-info' (and everything under it)
[0.465s] Copying ../../build/rcl_py_tutorial/rcl_py_tutorial.egg-info to /home/limao/ros2_ws/install/rcl_py_tutorial/lib/python3.8/site-packages/rcl_py_tutorial-0.0.0-py3.8.egg-info
[0.466s] running install_scripts
[0.481s] Installing talker script to /home/limao/ros2_ws/install/rcl_py_tutorial/lib/rcl_py_tutorial
[0.481s] writing list of installed files to '/home/limao/ros2_ws/build/rcl_py_tutorial/install.log'
[0.498s] Invoked command in '/home/limao/ros2_ws/src/rcl_py_tutorial' returned '0': PYTHONPATH=/home/limao/ros2_ws/install/rcl_py_tutorial/lib/python3.8/site-packages:${PYTHONPATH} /usr/bin/python3 setup.py egg_info --egg-base ../../build/rcl_py_tutorial build --build-base /home/limao/ros2_ws/build/rcl_py_tutorial/build install --prefix /home/limao/ros2_ws/install/rcl_py_tutorial --record /home/limao/ros2_ws/build/rcl_py_tutorial/install.log --single-version-externally-managed
