-- The C compiler identification is GNU 9.3.0
-- The CXX compiler identification is GNU 9.3.0
-- Check for working C compiler: /usr/bin/cc
-- Check for working C compiler: /usr/bin/cc -- works
-- Detecting C compiler ABI info
-- Detecting C compiler ABI info - done
-- Detecting C compile features
-- Detecting C compile features - done
-- Check for working CXX compiler: /usr/bin/c++
-- Check for working CXX compiler: /usr/bin/c++ -- works
-- Detecting CXX compiler ABI info
-- Detecting CXX compiler ABI info - done
-- Detecting CXX compile features
-- Detecting CXX compile features - done
-- Found ament_cmake: 0.9.8 (/opt/ros/foxy/share/ament_cmake/cmake)
-- Found PythonInterp: /usr/bin/python3 (found suitable version "3.8.5", minimum required is "3") 
-- Using PYTHON_EXECUTABLE: /usr/bin/python3
-- Found rclcpp: 2.3.0 (/opt/ros/foxy/share/rclcpp/cmake)
-- Using all available rosidl_typesupport_c: rosidl_typesupport_fastrtps_c;rosidl_typesupport_introspection_c
-- Found rosidl_adapter: 1.2.0 (/opt/ros/foxy/share/rosidl_adapter/cmake)
-- Found OpenSSL: /usr/lib/x86_64-linux-gnu/libcrypto.so (found version "1.1.1f")  
-- Found FastRTPS: /opt/ros/foxy/include  
-- Using all available rosidl_typesupport_cpp: rosidl_typesupport_fastrtps_cpp;rosidl_typesupport_introspection_cpp
-- Found rmw_implementation_cmake: 1.0.2 (/opt/ros/foxy/share/rmw_implementation_cmake/cmake)
-- Using RMW implementation 'rmw_fastrtps_cpp' as default
-- Looking for pthread.h
-- Looking for pthread.h - found
-- Performing Test CMAKE_HAVE_LIBC_PTHREAD
-- Performing Test CMAKE_HAVE_LIBC_PTHREAD - Failed
-- Looking for pthread_create in pthreads
-- Looking for pthread_create in pthreads - not found
-- Looking for pthread_create in pthread
-- Looking for pthread_create in pthread - found
-- Found Threads: TRUE  
-- Found ament_lint_auto: 0.9.6 (/opt/ros/foxy/share/ament_lint_auto/cmake)
-- Added test 'copyright' to check source files copyright and LICENSE
-- Added test 'cppcheck' to perform static code analysis on C / C++ code
-- Configured cppcheck include dirs: 
-- Configured cppcheck exclude dirs and/or files: 
-- Added test 'cpplint' to check C / C++ code against the Google style
-- Configured cpplint exclude dirs and/or files: 
-- Added test 'lint_cmake' to check CMake code style
-- Added test 'uncrustify' to check C / C++ code style
-- Configured uncrustify additional arguments: 
-- Added test 'xmllint' to check XML markup files
-- Configuring done
-- Generating done
-- Build files have been written to: /home/limao/ros2_ws/build/rcl_cpp_tutorials
[35m[1mScanning dependencies of target sub[0m
[35m[1mScanning dependencies of target pub[0m
[ 50%] [32mBuilding CXX object CMakeFiles/pub.dir/src/pub.cpp.o[0m
[ 50%] [32mBuilding CXX object CMakeFiles/sub.dir/src/sub.cpp.o[0m
[ 75%] [32m[1mLinking CXX executable pub[0m
[ 75%] Built target pub
[100%] [32m[1mLinking CXX executable sub[0m
[100%] Built target sub
-- Install configuration: ""
-- Installing: /home/limao/ros2_ws/install/rcl_cpp_tutorials/lib/rcl_cpp_tutorials/pub
-- Set runtime path of "/home/limao/ros2_ws/install/rcl_cpp_tutorials/lib/rcl_cpp_tutorials/pub" to ""
-- Installing: /home/limao/ros2_ws/install/rcl_cpp_tutorials/lib/rcl_cpp_tutorials/sub
-- Set runtime path of "/home/limao/ros2_ws/install/rcl_cpp_tutorials/lib/rcl_cpp_tutorials/sub" to ""
-- Installing: /home/limao/ros2_ws/install/rcl_cpp_tutorials/share/ament_index/resource_index/package_run_dependencies/rcl_cpp_tutorials
-- Installing: /home/limao/ros2_ws/install/rcl_cpp_tutorials/share/ament_index/resource_index/parent_prefix_path/rcl_cpp_tutorials
-- Installing: /home/limao/ros2_ws/install/rcl_cpp_tutorials/share/rcl_cpp_tutorials/environment/ament_prefix_path.sh
-- Installing: /home/limao/ros2_ws/install/rcl_cpp_tutorials/share/rcl_cpp_tutorials/environment/ament_prefix_path.dsv
-- Installing: /home/limao/ros2_ws/install/rcl_cpp_tutorials/share/rcl_cpp_tutorials/environment/path.sh
-- Installing: /home/limao/ros2_ws/install/rcl_cpp_tutorials/share/rcl_cpp_tutorials/environment/path.dsv
-- Installing: /home/limao/ros2_ws/install/rcl_cpp_tutorials/share/rcl_cpp_tutorials/local_setup.bash
-- Installing: /home/limao/ros2_ws/install/rcl_cpp_tutorials/share/rcl_cpp_tutorials/local_setup.sh
-- Installing: /home/limao/ros2_ws/install/rcl_cpp_tutorials/share/rcl_cpp_tutorials/local_setup.zsh
-- Installing: /home/limao/ros2_ws/install/rcl_cpp_tutorials/share/rcl_cpp_tutorials/local_setup.dsv
-- Installing: /home/limao/ros2_ws/install/rcl_cpp_tutorials/share/rcl_cpp_tutorials/package.dsv
-- Installing: /home/limao/ros2_ws/install/rcl_cpp_tutorials/share/ament_index/resource_index/packages/rcl_cpp_tutorials
-- Installing: /home/limao/ros2_ws/install/rcl_cpp_tutorials/share/rcl_cpp_tutorials/cmake/rcl_cpp_tutorialsConfig.cmake
-- Installing: /home/limao/ros2_ws/install/rcl_cpp_tutorials/share/rcl_cpp_tutorials/cmake/rcl_cpp_tutorialsConfig-version.cmake
-- Installing: /home/limao/ros2_ws/install/rcl_cpp_tutorials/share/rcl_cpp_tutorials/package.xml
