[0.022s] Invoking command in '/home/limao/ros2_ws/build/rcl_cpp_tutorials': CMAKE_PREFIX_PATH=${CMAKE_PREFIX_PATH}:/home/limao/ros2_ws/install/rcl_py_tutorial:/home/limao/ros2_ws/install/rcl_py_srv:/opt/ros/foxy /usr/bin/cmake /home/limao/ros2_ws/src/rcl_cpp_tutorials -DCMAKE_INSTALL_PREFIX=/home/limao/ros2_ws/install/rcl_cpp_tutorials
[0.078s] -- The C compiler identification is GNU 9.3.0
[0.132s] -- The CXX compiler identification is GNU 9.3.0
[0.138s] -- Check for working C compiler: /usr/bin/cc
[0.202s] -- Check for working C compiler: /usr/bin/cc -- works
[0.203s] -- Detecting C compiler ABI info
[0.268s] -- Detecting C compiler ABI info - done
[0.284s] -- Detecting C compile features
[0.284s] -- Detecting C compile features - done
[0.290s] -- Check for working CXX compiler: /usr/bin/c++
[0.366s] -- Check for working CXX compiler: /usr/bin/c++ -- works
[0.368s] -- Detecting CXX compiler ABI info
[0.445s] -- Detecting CXX compiler ABI info - done
[0.459s] -- Detecting CXX compile features
[0.459s] -- Detecting CXX compile features - done
[0.462s] -- Found ament_cmake: 0.9.8 (/opt/ros/foxy/share/ament_cmake/cmake)
[0.485s] -- Found PythonInterp: /usr/bin/python3 (found suitable version "3.8.5", minimum required is "3") 
[0.485s] -- Using PYTHON_EXECUTABLE: /usr/bin/python3
[0.708s] -- Found rclcpp: 2.3.0 (/opt/ros/foxy/share/rclcpp/cmake)
[0.754s] -- Using all available rosidl_typesupport_c: rosidl_typesupport_fastrtps_c;rosidl_typesupport_introspection_c
[0.761s] -- Found rosidl_adapter: 1.2.0 (/opt/ros/foxy/share/rosidl_adapter/cmake)
[0.826s] -- Found OpenSSL: /usr/lib/x86_64-linux-gnu/libcrypto.so (found version "1.1.1f")  
[0.855s] -- Found FastRTPS: /opt/ros/foxy/include  
[0.929s] -- Using all available rosidl_typesupport_cpp: rosidl_typesupport_fastrtps_cpp;rosidl_typesupport_introspection_cpp
[0.981s] -- Found rmw_implementation_cmake: 1.0.2 (/opt/ros/foxy/share/rmw_implementation_cmake/cmake)
[0.983s] -- Using RMW implementation 'rmw_fastrtps_cpp' as default
[0.984s] -- Looking for pthread.h
[1.048s] -- Looking for pthread.h - found
[1.048s] -- Performing Test CMAKE_HAVE_LIBC_PTHREAD
[1.118s] -- Performing Test CMAKE_HAVE_LIBC_PTHREAD - Failed
[1.118s] -- Looking for pthread_create in pthreads
[1.168s] -- Looking for pthread_create in pthreads - not found
[1.168s] -- Looking for pthread_create in pthread
[1.237s] -- Looking for pthread_create in pthread - found
[1.238s] -- Found Threads: TRUE  
[1.379s] -- Found ament_lint_auto: 0.9.6 (/opt/ros/foxy/share/ament_lint_auto/cmake)
[1.441s] -- Added test 'copyright' to check source files copyright and LICENSE
[1.442s] -- Added test 'cppcheck' to perform static code analysis on C / C++ code
[1.443s] -- Configured cppcheck include dirs: 
[1.443s] -- Configured cppcheck exclude dirs and/or files: 
[1.443s] -- Added test 'cpplint' to check C / C++ code against the Google style
[1.444s] -- Configured cpplint exclude dirs and/or files: 
[1.444s] -- Added test 'lint_cmake' to check CMake code style
[1.445s] -- Added test 'uncrustify' to check C / C++ code style
[1.445s] -- Configured uncrustify additional arguments: 
[1.446s] -- Added test 'xmllint' to check XML markup files
[1.449s] -- Configuring done
[1.459s] -- Generating done
[1.460s] -- Build files have been written to: /home/limao/ros2_ws/build/rcl_cpp_tutorials
[1.467s] Invoked command in '/home/limao/ros2_ws/build/rcl_cpp_tutorials' returned '0': CMAKE_PREFIX_PATH=${CMAKE_PREFIX_PATH}:/home/limao/ros2_ws/install/rcl_py_tutorial:/home/limao/ros2_ws/install/rcl_py_srv:/opt/ros/foxy /usr/bin/cmake /home/limao/ros2_ws/src/rcl_cpp_tutorials -DCMAKE_INSTALL_PREFIX=/home/limao/ros2_ws/install/rcl_cpp_tutorials
[1.469s] Invoking command in '/home/limao/ros2_ws/build/rcl_cpp_tutorials': CMAKE_PREFIX_PATH=${CMAKE_PREFIX_PATH}:/home/limao/ros2_ws/install/rcl_py_tutorial:/home/limao/ros2_ws/install/rcl_py_srv:/opt/ros/foxy /usr/bin/cmake --build /home/limao/ros2_ws/build/rcl_cpp_tutorials -- -j8 -l8
[1.505s] [35m[1mScanning dependencies of target sub[0m
[1.505s] [35m[1mScanning dependencies of target pub[0m
[1.545s] [ 50%] [32mBuilding CXX object CMakeFiles/pub.dir/src/pub.cpp.o[0m
[1.545s] [ 50%] [32mBuilding CXX object CMakeFiles/sub.dir/src/sub.cpp.o[0m
[4.452s] [ 75%] [32m[1mLinking CXX executable pub[0m
[4.610s] [ 75%] Built target pub
[5.886s] [100%] [32m[1mLinking CXX executable sub[0m
[6.105s] [100%] Built target sub
[6.115s] Invoked command in '/home/limao/ros2_ws/build/rcl_cpp_tutorials' returned '0': CMAKE_PREFIX_PATH=${CMAKE_PREFIX_PATH}:/home/limao/ros2_ws/install/rcl_py_tutorial:/home/limao/ros2_ws/install/rcl_py_srv:/opt/ros/foxy /usr/bin/cmake --build /home/limao/ros2_ws/build/rcl_cpp_tutorials -- -j8 -l8
[6.148s] Invoking command in '/home/limao/ros2_ws/build/rcl_cpp_tutorials': CMAKE_PREFIX_PATH=${CMAKE_PREFIX_PATH}:/home/limao/ros2_ws/install/rcl_py_tutorial:/home/limao/ros2_ws/install/rcl_py_srv:/opt/ros/foxy /usr/bin/cmake --install /home/limao/ros2_ws/build/rcl_cpp_tutorials
[6.155s] -- Install configuration: ""
[6.156s] -- Installing: /home/limao/ros2_ws/install/rcl_cpp_tutorials/lib/rcl_cpp_tutorials/pub
[6.157s] -- Set runtime path of "/home/limao/ros2_ws/install/rcl_cpp_tutorials/lib/rcl_cpp_tutorials/pub" to ""
[6.157s] -- Installing: /home/limao/ros2_ws/install/rcl_cpp_tutorials/lib/rcl_cpp_tutorials/sub
[6.158s] -- Set runtime path of "/home/limao/ros2_ws/install/rcl_cpp_tutorials/lib/rcl_cpp_tutorials/sub" to ""
[6.159s] -- Installing: /home/limao/ros2_ws/install/rcl_cpp_tutorials/share/ament_index/resource_index/package_run_dependencies/rcl_cpp_tutorials
[6.159s] -- Installing: /home/limao/ros2_ws/install/rcl_cpp_tutorials/share/ament_index/resource_index/parent_prefix_path/rcl_cpp_tutorials
[6.159s] -- Installing: /home/limao/ros2_ws/install/rcl_cpp_tutorials/share/rcl_cpp_tutorials/environment/ament_prefix_path.sh
[6.159s] -- Installing: /home/limao/ros2_ws/install/rcl_cpp_tutorials/share/rcl_cpp_tutorials/environment/ament_prefix_path.dsv
[6.159s] -- Installing: /home/limao/ros2_ws/install/rcl_cpp_tutorials/share/rcl_cpp_tutorials/environment/path.sh
[6.160s] -- Installing: /home/limao/ros2_ws/install/rcl_cpp_tutorials/share/rcl_cpp_tutorials/environment/path.dsv
[6.160s] -- Installing: /home/limao/ros2_ws/install/rcl_cpp_tutorials/share/rcl_cpp_tutorials/local_setup.bash
[6.160s] -- Installing: /home/limao/ros2_ws/install/rcl_cpp_tutorials/share/rcl_cpp_tutorials/local_setup.sh
[6.160s] -- Installing: /home/limao/ros2_ws/install/rcl_cpp_tutorials/share/rcl_cpp_tutorials/local_setup.zsh
[6.160s] -- Installing: /home/limao/ros2_ws/install/rcl_cpp_tutorials/share/rcl_cpp_tutorials/local_setup.dsv
[6.160s] -- Installing: /home/limao/ros2_ws/install/rcl_cpp_tutorials/share/rcl_cpp_tutorials/package.dsv
[6.161s] -- Installing: /home/limao/ros2_ws/install/rcl_cpp_tutorials/share/ament_index/resource_index/packages/rcl_cpp_tutorials
[6.161s] -- Installing: /home/limao/ros2_ws/install/rcl_cpp_tutorials/share/rcl_cpp_tutorials/cmake/rcl_cpp_tutorialsConfig.cmake
[6.161s] -- Installing: /home/limao/ros2_ws/install/rcl_cpp_tutorials/share/rcl_cpp_tutorials/cmake/rcl_cpp_tutorialsConfig-version.cmake
[6.161s] -- Installing: /home/limao/ros2_ws/install/rcl_cpp_tutorials/share/rcl_cpp_tutorials/package.xml
[6.164s] Invoked command in '/home/limao/ros2_ws/build/rcl_cpp_tutorials' returned '0': CMAKE_PREFIX_PATH=${CMAKE_PREFIX_PATH}:/home/limao/ros2_ws/install/rcl_py_tutorial:/home/limao/ros2_ws/install/rcl_py_srv:/opt/ros/foxy /usr/bin/cmake --install /home/limao/ros2_ws/build/rcl_cpp_tutorials
