[0.243s] DEBUG:colcon:Command line arguments: ['/usr/bin/colcon', 'build']
[0.243s] DEBUG:colcon:Parsed command line arguments: Namespace(ament_cmake_args=None, base_paths=['.'], build_base='build', catkin_cmake_args=None, catkin_skip_building_tests=False, cmake_args=None, cmake_clean_cache=False, cmake_clean_first=False, cmake_force_configure=False, cmake_target=None, cmake_target_skip_unavailable=False, continue_on_error=False, event_handlers=None, executor='parallel', ignore_user_meta=False, install_base='install', log_base=None, log_level=None, main=<bound method BuildVerb.main of <colcon_core.verb.build.BuildVerb object at 0x7fe6d2915a90>>, merge_install=False, metas=['./colcon.meta'], packages_above=None, packages_above_and_dependencies=None, packages_above_depth=None, packages_end=None, packages_ignore=None, packages_ignore_regex=None, packages_select=None, packages_select_build_failed=False, packages_select_by_dep=None, packages_select_regex=None, packages_select_test_failures=False, packages_skip=None, packages_skip_build_finished=False, packages_skip_by_dep=None, packages_skip_regex=None, packages_skip_test_passed=False, packages_skip_up_to=None, packages_start=None, packages_up_to=None, packages_up_to_regex=None, parallel_workers=8, paths=None, symlink_install=False, test_result_base=None, verb_extension=<colcon_core.verb.build.BuildVerb object at 0x7fe6d2915a90>, verb_name='build', verb_parser=<colcon_defaults.argument_parser.defaults.DefaultArgumentsDecorator object at 0x7fe6d2923040>)
[0.252s] Level 1:colcon.colcon_core.package_discovery:discover_packages(colcon_meta) check parameters
[0.252s] Level 1:colcon.colcon_core.package_discovery:discover_packages(recursive) check parameters
[0.252s] Level 1:colcon.colcon_core.package_discovery:discover_packages(ignore) check parameters
[0.252s] Level 1:colcon.colcon_core.package_discovery:discover_packages(path) check parameters
[0.252s] Level 1:colcon.colcon_core.package_discovery:discover_packages(colcon_meta) discover
[0.252s] Level 1:colcon.colcon_core.package_discovery:discover_packages(recursive) discover
[0.252s] INFO:colcon.colcon_core.package_discovery:Crawling recursively for packages in '/home/limao/ros2_ws'
[0.253s] Level 1:colcon.colcon_core.package_identification:_identify(.) by extensions ['ignore', 'ignore_ament_install']
[0.253s] Level 1:colcon.colcon_core.package_identification:_identify(.) by extension 'ignore'
[0.253s] Level 1:colcon.colcon_core.package_identification:_identify(.) by extension 'ignore_ament_install'
[0.253s] Level 1:colcon.colcon_core.package_identification:_identify(.) by extensions ['colcon_pkg']
[0.253s] Level 1:colcon.colcon_core.package_identification:_identify(.) by extension 'colcon_pkg'
[0.253s] Level 1:colcon.colcon_core.package_identification:_identify(.) by extensions ['colcon_meta']
[0.253s] Level 1:colcon.colcon_core.package_identification:_identify(.) by extension 'colcon_meta'
[0.253s] Level 1:colcon.colcon_core.package_identification:_identify(.) by extensions ['ros']
[0.253s] Level 1:colcon.colcon_core.package_identification:_identify(.) by extension 'ros'
[0.263s] Level 1:colcon.colcon_core.package_identification:_identify(.) by extensions ['cmake', 'python']
[0.263s] Level 1:colcon.colcon_core.package_identification:_identify(.) by extension 'cmake'
[0.263s] Level 1:colcon.colcon_core.package_identification:_identify(.) by extension 'python'
[0.263s] Level 1:colcon.colcon_core.package_identification:_identify(.) by extensions ['python_setup_py']
[0.263s] Level 1:colcon.colcon_core.package_identification:_identify(.) by extension 'python_setup_py'
[0.263s] Level 1:colcon.colcon_core.package_identification:_identify(build) by extensions ['ignore', 'ignore_ament_install']
[0.264s] Level 1:colcon.colcon_core.package_identification:_identify(build) by extension 'ignore'
[0.264s] Level 1:colcon.colcon_core.package_identification:_identify(build) ignored
[0.264s] Level 1:colcon.colcon_core.package_identification:_identify(install) by extensions ['ignore', 'ignore_ament_install']
[0.264s] Level 1:colcon.colcon_core.package_identification:_identify(install) by extension 'ignore'
[0.264s] Level 1:colcon.colcon_core.package_identification:_identify(install) ignored
[0.264s] Level 1:colcon.colcon_core.package_identification:_identify(log) by extensions ['ignore', 'ignore_ament_install']
[0.264s] Level 1:colcon.colcon_core.package_identification:_identify(log) by extension 'ignore'
[0.264s] Level 1:colcon.colcon_core.package_identification:_identify(log) ignored
[0.264s] Level 1:colcon.colcon_core.package_identification:_identify(src) by extensions ['ignore', 'ignore_ament_install']
[0.265s] Level 1:colcon.colcon_core.package_identification:_identify(src) by extension 'ignore'
[0.265s] Level 1:colcon.colcon_core.package_identification:_identify(src) by extension 'ignore_ament_install'
[0.265s] Level 1:colcon.colcon_core.package_identification:_identify(src) by extensions ['colcon_pkg']
[0.265s] Level 1:colcon.colcon_core.package_identification:_identify(src) by extension 'colcon_pkg'
[0.265s] Level 1:colcon.colcon_core.package_identification:_identify(src) by extensions ['colcon_meta']
[0.265s] Level 1:colcon.colcon_core.package_identification:_identify(src) by extension 'colcon_meta'
[0.265s] Level 1:colcon.colcon_core.package_identification:_identify(src) by extensions ['ros']
[0.265s] Level 1:colcon.colcon_core.package_identification:_identify(src) by extension 'ros'
[0.265s] Level 1:colcon.colcon_core.package_identification:_identify(src) by extensions ['cmake', 'python']
[0.265s] Level 1:colcon.colcon_core.package_identification:_identify(src) by extension 'cmake'
[0.265s] Level 1:colcon.colcon_core.package_identification:_identify(src) by extension 'python'
[0.265s] Level 1:colcon.colcon_core.package_identification:_identify(src) by extensions ['python_setup_py']
[0.265s] Level 1:colcon.colcon_core.package_identification:_identify(src) by extension 'python_setup_py'
[0.266s] Level 1:colcon.colcon_core.package_identification:_identify(src/rcl_cpp_tutorials) by extensions ['ignore', 'ignore_ament_install']
[0.266s] Level 1:colcon.colcon_core.package_identification:_identify(src/rcl_cpp_tutorials) by extension 'ignore'
[0.266s] Level 1:colcon.colcon_core.package_identification:_identify(src/rcl_cpp_tutorials) by extension 'ignore_ament_install'
[0.266s] Level 1:colcon.colcon_core.package_identification:_identify(src/rcl_cpp_tutorials) by extensions ['colcon_pkg']
[0.266s] Level 1:colcon.colcon_core.package_identification:_identify(src/rcl_cpp_tutorials) by extension 'colcon_pkg'
[0.266s] Level 1:colcon.colcon_core.package_identification:_identify(src/rcl_cpp_tutorials) by extensions ['colcon_meta']
[0.266s] Level 1:colcon.colcon_core.package_identification:_identify(src/rcl_cpp_tutorials) by extension 'colcon_meta'
[0.266s] Level 1:colcon.colcon_core.package_identification:_identify(src/rcl_cpp_tutorials) by extensions ['ros']
[0.266s] Level 1:colcon.colcon_core.package_identification:_identify(src/rcl_cpp_tutorials) by extension 'ros'
[0.269s] DEBUG:colcon.colcon_core.package_identification:Package 'src/rcl_cpp_tutorials' with type 'ros.ament_cmake' and name 'rcl_cpp_tutorials'
[0.269s] Level 1:colcon.colcon_core.package_identification:_identify(src/rcl_py_tutorial) by extensions ['ignore', 'ignore_ament_install']
[0.269s] Level 1:colcon.colcon_core.package_identification:_identify(src/rcl_py_tutorial) by extension 'ignore'
[0.269s] Level 1:colcon.colcon_core.package_identification:_identify(src/rcl_py_tutorial) by extension 'ignore_ament_install'
[0.269s] Level 1:colcon.colcon_core.package_identification:_identify(src/rcl_py_tutorial) by extensions ['colcon_pkg']
[0.269s] Level 1:colcon.colcon_core.package_identification:_identify(src/rcl_py_tutorial) by extension 'colcon_pkg'
[0.269s] Level 1:colcon.colcon_core.package_identification:_identify(src/rcl_py_tutorial) by extensions ['colcon_meta']
[0.269s] Level 1:colcon.colcon_core.package_identification:_identify(src/rcl_py_tutorial) by extension 'colcon_meta'
[0.269s] Level 1:colcon.colcon_core.package_identification:_identify(src/rcl_py_tutorial) by extensions ['ros']
[0.269s] Level 1:colcon.colcon_core.package_identification:_identify(src/rcl_py_tutorial) by extension 'ros'
[0.270s] DEBUG:colcon.colcon_core.package_identification:Package 'src/rcl_py_tutorial' with type 'ros.ament_python' and name 'rcl_py_tutorial'
[0.270s] Level 1:colcon.colcon_core.package_discovery:discover_packages(recursive) using defaults
[0.271s] Level 1:colcon.colcon_core.package_discovery:discover_packages(ignore) discover
[0.271s] Level 1:colcon.colcon_core.package_discovery:discover_packages(ignore) using defaults
[0.271s] Level 1:colcon.colcon_core.package_discovery:discover_packages(path) discover
[0.271s] Level 1:colcon.colcon_core.package_discovery:discover_packages(path) using defaults
[0.287s] Level 5:colcon.colcon_core.verb:set package 'rcl_cpp_tutorials' build argument 'cmake_args' from command line to 'None'
[0.287s] Level 5:colcon.colcon_core.verb:set package 'rcl_cpp_tutorials' build argument 'cmake_target' from command line to 'None'
[0.287s] Level 5:colcon.colcon_core.verb:set package 'rcl_cpp_tutorials' build argument 'cmake_target_skip_unavailable' from command line to 'False'
[0.287s] Level 5:colcon.colcon_core.verb:set package 'rcl_cpp_tutorials' build argument 'cmake_clean_cache' from command line to 'False'
[0.287s] Level 5:colcon.colcon_core.verb:set package 'rcl_cpp_tutorials' build argument 'cmake_clean_first' from command line to 'False'
[0.287s] Level 5:colcon.colcon_core.verb:set package 'rcl_cpp_tutorials' build argument 'cmake_force_configure' from command line to 'False'
[0.287s] Level 5:colcon.colcon_core.verb:set package 'rcl_cpp_tutorials' build argument 'ament_cmake_args' from command line to 'None'
[0.287s] Level 5:colcon.colcon_core.verb:set package 'rcl_cpp_tutorials' build argument 'catkin_cmake_args' from command line to 'None'
[0.288s] Level 5:colcon.colcon_core.verb:set package 'rcl_cpp_tutorials' build argument 'catkin_skip_building_tests' from command line to 'False'
[0.288s] DEBUG:colcon.colcon_core.verb:Building package 'rcl_cpp_tutorials' with the following arguments: {'ament_cmake_args': None, 'build_base': '/home/limao/ros2_ws/build/rcl_cpp_tutorials', 'catkin_cmake_args': None, 'catkin_skip_building_tests': False, 'cmake_args': None, 'cmake_clean_cache': False, 'cmake_clean_first': False, 'cmake_force_configure': False, 'cmake_target': None, 'cmake_target_skip_unavailable': False, 'install_base': '/home/limao/ros2_ws/install/rcl_cpp_tutorials', 'merge_install': False, 'path': '/home/limao/ros2_ws/src/rcl_cpp_tutorials', 'symlink_install': False, 'test_result_base': None}
[0.290s] Level 5:colcon.colcon_core.verb:set package 'rcl_py_tutorial' build argument 'cmake_args' from command line to 'None'
[0.290s] Level 5:colcon.colcon_core.verb:set package 'rcl_py_tutorial' build argument 'cmake_target' from command line to 'None'
[0.290s] Level 5:colcon.colcon_core.verb:set package 'rcl_py_tutorial' build argument 'cmake_target_skip_unavailable' from command line to 'False'
[0.290s] Level 5:colcon.colcon_core.verb:set package 'rcl_py_tutorial' build argument 'cmake_clean_cache' from command line to 'False'
[0.290s] Level 5:colcon.colcon_core.verb:set package 'rcl_py_tutorial' build argument 'cmake_clean_first' from command line to 'False'
[0.290s] Level 5:colcon.colcon_core.verb:set package 'rcl_py_tutorial' build argument 'cmake_force_configure' from command line to 'False'
[0.290s] Level 5:colcon.colcon_core.verb:set package 'rcl_py_tutorial' build argument 'ament_cmake_args' from command line to 'None'
[0.290s] Level 5:colcon.colcon_core.verb:set package 'rcl_py_tutorial' build argument 'catkin_cmake_args' from command line to 'None'
[0.290s] Level 5:colcon.colcon_core.verb:set package 'rcl_py_tutorial' build argument 'catkin_skip_building_tests' from command line to 'False'
[0.290s] DEBUG:colcon.colcon_core.verb:Building package 'rcl_py_tutorial' with the following arguments: {'ament_cmake_args': None, 'build_base': '/home/limao/ros2_ws/build/rcl_py_tutorial', 'catkin_cmake_args': None, 'catkin_skip_building_tests': False, 'cmake_args': None, 'cmake_clean_cache': False, 'cmake_clean_first': False, 'cmake_force_configure': False, 'cmake_target': None, 'cmake_target_skip_unavailable': False, 'install_base': '/home/limao/ros2_ws/install/rcl_py_tutorial', 'merge_install': False, 'path': '/home/limao/ros2_ws/src/rcl_py_tutorial', 'symlink_install': False, 'test_result_base': None}
[0.291s] INFO:colcon.colcon_core.executor:Executing jobs using 'parallel' executor
[0.293s] DEBUG:colcon.colcon_parallel_executor.executor.parallel:run_until_complete
[0.294s] INFO:colcon.colcon_ros.task.ament_cmake.build:Building ROS package in '/home/limao/ros2_ws/src/rcl_cpp_tutorials' with build type 'ament_cmake'
[0.294s] INFO:colcon.colcon_cmake.task.cmake.build:Building CMake package in '/home/limao/ros2_ws/src/rcl_cpp_tutorials'
[0.297s] INFO:colcon.colcon_core.plugin_system:Skipping extension 'colcon_core.shell.bat': Not used on non-Windows systems
[0.298s] INFO:colcon.colcon_core.shell:Skip shell extension 'powershell' for command environment: Not usable outside of PowerShell
[0.298s] DEBUG:colcon.colcon_core.shell:Skip shell extension 'dsv' for command environment
[0.300s] WARNING:colcon.colcon_ros.prefix_path.ament:The path '/home/limao/ros2_ws/install/rcl_py_tutorial' in the environment variable AMENT_PREFIX_PATH doesn't exist
[0.300s] WARNING:colcon.colcon_ros.prefix_path.ament:The path '/home/limao/ros2_ws/install/rcl_py_srv' in the environment variable AMENT_PREFIX_PATH doesn't exist
[0.300s] WARNING:colcon.colcon_ros.prefix_path.ament:The path '/home/limao/ros2_ws/install/rcl_cpp_tutorials' in the environment variable AMENT_PREFIX_PATH doesn't exist
[0.300s] WARNING:colcon.colcon_ros.prefix_path.catkin:The path '/home/limao/ros2_ws/install/rcl_cpp_tutorials' in the environment variable CMAKE_PREFIX_PATH doesn't exist
[0.301s] DEBUG:colcon.colcon_core.shell:Ignoring prefix path '/opt/ros/foxy'
[0.303s] INFO:colcon.colcon_ros.task.ament_python.build:Building ROS package in '/home/limao/ros2_ws/src/rcl_py_tutorial' with build type 'ament_python'
[0.304s] Level 1:colcon.colcon_core.shell:create_environment_hook('rcl_py_tutorial', 'ament_prefix_path')
[0.304s] INFO:colcon.colcon_core.shell:Creating environment hook '/home/limao/ros2_ws/install/rcl_py_tutorial/share/rcl_py_tutorial/hook/ament_prefix_path.ps1'
[0.305s] INFO:colcon.colcon_core.shell:Creating environment descriptor '/home/limao/ros2_ws/install/rcl_py_tutorial/share/rcl_py_tutorial/hook/ament_prefix_path.dsv'
[0.306s] INFO:colcon.colcon_core.shell:Creating environment hook '/home/limao/ros2_ws/install/rcl_py_tutorial/share/rcl_py_tutorial/hook/ament_prefix_path.sh'
[0.307s] INFO:colcon.colcon_core.shell:Skip shell extension 'powershell' for command environment: Not usable outside of PowerShell
[0.307s] DEBUG:colcon.colcon_core.shell:Skip shell extension 'dsv' for command environment
[0.309s] DEBUG:colcon.colcon_core.shell:Ignoring prefix path '/opt/ros/foxy'
[0.316s] DEBUG:colcon.colcon_core.event_handler.log_command:Invoking command in '/home/limao/ros2_ws/build/rcl_cpp_tutorials': CMAKE_PREFIX_PATH=${CMAKE_PREFIX_PATH}:/home/limao/ros2_ws/install/rcl_py_tutorial:/home/limao/ros2_ws/install/rcl_py_srv:/opt/ros/foxy /usr/bin/cmake /home/limao/ros2_ws/src/rcl_cpp_tutorials -DCMAKE_INSTALL_PREFIX=/home/limao/ros2_ws/install/rcl_cpp_tutorials
[0.574s] INFO:colcon.colcon_core.task.python.build:Building Python package in '/home/limao/ros2_ws/src/rcl_py_tutorial'
[0.575s] INFO:colcon.colcon_core.shell:Skip shell extension 'powershell' for command environment: Not usable outside of PowerShell
[0.575s] DEBUG:colcon.colcon_core.shell:Skip shell extension 'dsv' for command environment
[0.578s] DEBUG:colcon.colcon_core.shell:Ignoring prefix path '/opt/ros/foxy'
[0.588s] DEBUG:colcon.colcon_core.event_handler.log_command:Invoking command in '/home/limao/ros2_ws/src/rcl_py_tutorial': PYTHONPATH=/home/limao/ros2_ws/install/rcl_py_tutorial/lib/python3.8/site-packages:${PYTHONPATH} /usr/bin/python3 setup.py egg_info --egg-base ../../build/rcl_py_tutorial build --build-base /home/limao/ros2_ws/build/rcl_py_tutorial/build install --prefix /home/limao/ros2_ws/install/rcl_py_tutorial --record /home/limao/ros2_ws/build/rcl_py_tutorial/install.log --single-version-externally-managed
[0.882s] DEBUG:colcon.colcon_core.event_handler.log_command:Invoked command in '/home/limao/ros2_ws/src/rcl_py_tutorial' returned '0': PYTHONPATH=/home/limao/ros2_ws/install/rcl_py_tutorial/lib/python3.8/site-packages:${PYTHONPATH} /usr/bin/python3 setup.py egg_info --egg-base ../../build/rcl_py_tutorial build --build-base /home/limao/ros2_ws/build/rcl_py_tutorial/build install --prefix /home/limao/ros2_ws/install/rcl_py_tutorial --record /home/limao/ros2_ws/build/rcl_py_tutorial/install.log --single-version-externally-managed
[0.886s] Level 1:colcon.colcon_core.environment:checking '/home/limao/ros2_ws/install/rcl_py_tutorial' for CMake module files
[0.886s] Level 1:colcon.colcon_core.environment:checking '/home/limao/ros2_ws/install/rcl_py_tutorial' for CMake config files
[0.887s] Level 1:colcon.colcon_core.environment:checking '/home/limao/ros2_ws/install/rcl_py_tutorial/lib'
[0.888s] Level 1:colcon.colcon_core.environment:checking '/home/limao/ros2_ws/install/rcl_py_tutorial/bin'
[0.888s] Level 1:colcon.colcon_core.environment:checking '/home/limao/ros2_ws/install/rcl_py_tutorial/lib/pkgconfig/rcl_py_tutorial.pc'
[0.888s] Level 1:colcon.colcon_core.environment:checking '/home/limao/ros2_ws/install/rcl_py_tutorial/lib/python3.8/site-packages'
[0.888s] Level 1:colcon.colcon_core.shell:create_environment_hook('rcl_py_tutorial', 'pythonpath')
[0.889s] INFO:colcon.colcon_core.shell:Creating environment hook '/home/limao/ros2_ws/install/rcl_py_tutorial/share/rcl_py_tutorial/hook/pythonpath.ps1'
[0.890s] INFO:colcon.colcon_core.shell:Creating environment descriptor '/home/limao/ros2_ws/install/rcl_py_tutorial/share/rcl_py_tutorial/hook/pythonpath.dsv'
[0.890s] INFO:colcon.colcon_core.shell:Creating environment hook '/home/limao/ros2_ws/install/rcl_py_tutorial/share/rcl_py_tutorial/hook/pythonpath.sh'
[0.890s] Level 1:colcon.colcon_core.environment:create_environment_scripts_only(rcl_py_tutorial)
[0.892s] INFO:colcon.colcon_core.shell:Creating package script '/home/limao/ros2_ws/install/rcl_py_tutorial/share/rcl_py_tutorial/package.ps1'
[0.893s] INFO:colcon.colcon_core.shell:Creating package descriptor '/home/limao/ros2_ws/install/rcl_py_tutorial/share/rcl_py_tutorial/package.dsv'
[0.894s] INFO:colcon.colcon_core.shell:Creating package script '/home/limao/ros2_ws/install/rcl_py_tutorial/share/rcl_py_tutorial/package.sh'
[0.895s] INFO:colcon.colcon_core.shell:Creating package script '/home/limao/ros2_ws/install/rcl_py_tutorial/share/rcl_py_tutorial/package.bash'
[0.896s] INFO:colcon.colcon_core.shell:Creating package script '/home/limao/ros2_ws/install/rcl_py_tutorial/share/rcl_py_tutorial/package.zsh'
[0.897s] Level 1:colcon.colcon_core.environment:create_file_with_runtime_dependencies(/home/limao/ros2_ws/install/rcl_py_tutorial/share/colcon-core/packages/rcl_py_tutorial)
[1.761s] DEBUG:colcon.colcon_core.event_handler.log_command:Invoked command in '/home/limao/ros2_ws/build/rcl_cpp_tutorials' returned '0': CMAKE_PREFIX_PATH=${CMAKE_PREFIX_PATH}:/home/limao/ros2_ws/install/rcl_py_tutorial:/home/limao/ros2_ws/install/rcl_py_srv:/opt/ros/foxy /usr/bin/cmake /home/limao/ros2_ws/src/rcl_cpp_tutorials -DCMAKE_INSTALL_PREFIX=/home/limao/ros2_ws/install/rcl_cpp_tutorials
[1.764s] DEBUG:colcon.colcon_core.event_handler.log_command:Invoking command in '/home/limao/ros2_ws/build/rcl_cpp_tutorials': CMAKE_PREFIX_PATH=${CMAKE_PREFIX_PATH}:/home/limao/ros2_ws/install/rcl_py_tutorial:/home/limao/ros2_ws/install/rcl_py_srv:/opt/ros/foxy /usr/bin/cmake --build /home/limao/ros2_ws/build/rcl_cpp_tutorials -- -j8 -l8
[6.410s] DEBUG:colcon.colcon_core.event_handler.log_command:Invoked command in '/home/limao/ros2_ws/build/rcl_cpp_tutorials' returned '0': CMAKE_PREFIX_PATH=${CMAKE_PREFIX_PATH}:/home/limao/ros2_ws/install/rcl_py_tutorial:/home/limao/ros2_ws/install/rcl_py_srv:/opt/ros/foxy /usr/bin/cmake --build /home/limao/ros2_ws/build/rcl_cpp_tutorials -- -j8 -l8
[6.443s] DEBUG:colcon.colcon_core.event_handler.log_command:Invoking command in '/home/limao/ros2_ws/build/rcl_cpp_tutorials': CMAKE_PREFIX_PATH=${CMAKE_PREFIX_PATH}:/home/limao/ros2_ws/install/rcl_py_tutorial:/home/limao/ros2_ws/install/rcl_py_srv:/opt/ros/foxy /usr/bin/cmake --install /home/limao/ros2_ws/build/rcl_cpp_tutorials
[6.456s] Level 1:colcon.colcon_core.environment:create_environment_scripts_only(rcl_cpp_tutorials)
[6.458s] Level 1:colcon.colcon_core.environment:checking '/home/limao/ros2_ws/install/rcl_cpp_tutorials' for CMake module files
[6.459s] DEBUG:colcon.colcon_core.event_handler.log_command:Invoked command in '/home/limao/ros2_ws/build/rcl_cpp_tutorials' returned '0': CMAKE_PREFIX_PATH=${CMAKE_PREFIX_PATH}:/home/limao/ros2_ws/install/rcl_py_tutorial:/home/limao/ros2_ws/install/rcl_py_srv:/opt/ros/foxy /usr/bin/cmake --install /home/limao/ros2_ws/build/rcl_cpp_tutorials
[6.460s] Level 1:colcon.colcon_core.environment:checking '/home/limao/ros2_ws/install/rcl_cpp_tutorials' for CMake config files
[6.460s] Level 1:colcon.colcon_core.shell:create_environment_hook('rcl_cpp_tutorials', 'cmake_prefix_path')
[6.461s] INFO:colcon.colcon_core.shell:Creating environment hook '/home/limao/ros2_ws/install/rcl_cpp_tutorials/share/rcl_cpp_tutorials/hook/cmake_prefix_path.ps1'
[6.461s] INFO:colcon.colcon_core.shell:Creating environment descriptor '/home/limao/ros2_ws/install/rcl_cpp_tutorials/share/rcl_cpp_tutorials/hook/cmake_prefix_path.dsv'
[6.462s] INFO:colcon.colcon_core.shell:Creating environment hook '/home/limao/ros2_ws/install/rcl_cpp_tutorials/share/rcl_cpp_tutorials/hook/cmake_prefix_path.sh'
[6.463s] Level 1:colcon.colcon_core.environment:checking '/home/limao/ros2_ws/install/rcl_cpp_tutorials/lib'
[6.463s] Level 1:colcon.colcon_core.environment:checking '/home/limao/ros2_ws/install/rcl_cpp_tutorials/bin'
[6.463s] Level 1:colcon.colcon_core.environment:checking '/home/limao/ros2_ws/install/rcl_cpp_tutorials/lib/pkgconfig/rcl_cpp_tutorials.pc'
[6.463s] Level 1:colcon.colcon_core.environment:checking '/home/limao/ros2_ws/install/rcl_cpp_tutorials/lib/python3.8/site-packages'
[6.464s] INFO:colcon.colcon_core.shell:Creating package script '/home/limao/ros2_ws/install/rcl_cpp_tutorials/share/rcl_cpp_tutorials/package.ps1'
[6.464s] INFO:colcon.colcon_core.shell:Creating package descriptor '/home/limao/ros2_ws/install/rcl_cpp_tutorials/share/rcl_cpp_tutorials/package.dsv'
[6.465s] INFO:colcon.colcon_core.shell:Creating package script '/home/limao/ros2_ws/install/rcl_cpp_tutorials/share/rcl_cpp_tutorials/package.sh'
[6.465s] INFO:colcon.colcon_core.shell:Creating package script '/home/limao/ros2_ws/install/rcl_cpp_tutorials/share/rcl_cpp_tutorials/package.bash'
[6.465s] INFO:colcon.colcon_core.shell:Creating package script '/home/limao/ros2_ws/install/rcl_cpp_tutorials/share/rcl_cpp_tutorials/package.zsh'
[6.466s] Level 1:colcon.colcon_core.environment:create_file_with_runtime_dependencies(/home/limao/ros2_ws/install/rcl_cpp_tutorials/share/colcon-core/packages/rcl_cpp_tutorials)
[6.490s] Level 1:colcon.colcon_core.environment:create_environment_scripts_only(rcl_cpp_tutorials)
[6.491s] Level 1:colcon.colcon_core.environment:checking '/home/limao/ros2_ws/install/rcl_cpp_tutorials' for CMake module files
[6.492s] Level 1:colcon.colcon_core.environment:checking '/home/limao/ros2_ws/install/rcl_cpp_tutorials' for CMake config files
[6.492s] Level 1:colcon.colcon_core.shell:create_environment_hook('rcl_cpp_tutorials', 'cmake_prefix_path')
[6.492s] INFO:colcon.colcon_core.shell:Creating environment hook '/home/limao/ros2_ws/install/rcl_cpp_tutorials/share/rcl_cpp_tutorials/hook/cmake_prefix_path.ps1'
[6.493s] INFO:colcon.colcon_core.shell:Creating environment descriptor '/home/limao/ros2_ws/install/rcl_cpp_tutorials/share/rcl_cpp_tutorials/hook/cmake_prefix_path.dsv'
[6.493s] INFO:colcon.colcon_core.shell:Creating environment hook '/home/limao/ros2_ws/install/rcl_cpp_tutorials/share/rcl_cpp_tutorials/hook/cmake_prefix_path.sh'
[6.494s] Level 1:colcon.colcon_core.environment:checking '/home/limao/ros2_ws/install/rcl_cpp_tutorials/lib'
[6.494s] Level 1:colcon.colcon_core.environment:checking '/home/limao/ros2_ws/install/rcl_cpp_tutorials/bin'
[6.494s] Level 1:colcon.colcon_core.environment:checking '/home/limao/ros2_ws/install/rcl_cpp_tutorials/lib/pkgconfig/rcl_cpp_tutorials.pc'
[6.494s] Level 1:colcon.colcon_core.environment:checking '/home/limao/ros2_ws/install/rcl_cpp_tutorials/lib/python3.8/site-packages'
[6.495s] INFO:colcon.colcon_core.shell:Creating package script '/home/limao/ros2_ws/install/rcl_cpp_tutorials/share/rcl_cpp_tutorials/package.ps1'
[6.495s] INFO:colcon.colcon_core.shell:Creating package descriptor '/home/limao/ros2_ws/install/rcl_cpp_tutorials/share/rcl_cpp_tutorials/package.dsv'
[6.496s] INFO:colcon.colcon_core.shell:Creating package script '/home/limao/ros2_ws/install/rcl_cpp_tutorials/share/rcl_cpp_tutorials/package.sh'
[6.496s] INFO:colcon.colcon_core.shell:Creating package script '/home/limao/ros2_ws/install/rcl_cpp_tutorials/share/rcl_cpp_tutorials/package.bash'
[6.497s] INFO:colcon.colcon_core.shell:Creating package script '/home/limao/ros2_ws/install/rcl_cpp_tutorials/share/rcl_cpp_tutorials/package.zsh'
[6.497s] Level 1:colcon.colcon_core.environment:create_file_with_runtime_dependencies(/home/limao/ros2_ws/install/rcl_cpp_tutorials/share/colcon-core/packages/rcl_cpp_tutorials)
[6.497s] DEBUG:colcon.colcon_parallel_executor.executor.parallel:closing loop
[6.498s] DEBUG:colcon.colcon_parallel_executor.executor.parallel:loop closed
[6.498s] DEBUG:colcon.colcon_parallel_executor.executor.parallel:run_until_complete finished with '0'
[6.498s] DEBUG:colcon.colcon_core.event_reactor:joining thread
[6.504s] INFO:colcon.colcon_core.plugin_system:Skipping extension 'colcon_notification.desktop_notification.terminal_notifier': Not used on non-Darwin systems
[6.504s] INFO:colcon.colcon_core.plugin_system:Skipping extension 'colcon_notification.desktop_notification.win32': Not used on non-Windows systems
[6.504s] INFO:colcon.colcon_notification.desktop_notification:Sending desktop notification using 'notify2'
[6.519s] DEBUG:colcon.colcon_core.event_reactor:joined thread
[6.520s] INFO:colcon.colcon_core.shell:Creating prefix script '/home/limao/ros2_ws/install/local_setup.ps1'
[6.522s] INFO:colcon.colcon_core.shell:Creating prefix util module '/home/limao/ros2_ws/install/_local_setup_util_ps1.py'
[6.523s] INFO:colcon.colcon_core.shell:Creating prefix chain script '/home/limao/ros2_ws/install/setup.ps1'
[6.527s] INFO:colcon.colcon_core.shell:Creating prefix script '/home/limao/ros2_ws/install/local_setup.sh'
[6.527s] INFO:colcon.colcon_core.shell:Creating prefix util module '/home/limao/ros2_ws/install/_local_setup_util_sh.py'
[6.528s] INFO:colcon.colcon_core.shell:Creating prefix chain script '/home/limao/ros2_ws/install/setup.sh'
[6.531s] INFO:colcon.colcon_core.shell:Creating prefix script '/home/limao/ros2_ws/install/local_setup.bash'
[6.532s] INFO:colcon.colcon_core.shell:Creating prefix chain script '/home/limao/ros2_ws/install/setup.bash'
[6.534s] INFO:colcon.colcon_core.shell:Creating prefix script '/home/limao/ros2_ws/install/local_setup.zsh'
[6.535s] INFO:colcon.colcon_core.shell:Creating prefix chain script '/home/limao/ros2_ws/install/setup.zsh'
